<?xml version="1.0" encoding="UTF-8"?>
<!-- Generated by org.testng.reporters.JUnitReportReporter -->
<testsuite hostname="TTNPL-DeepanshuTyagi" failures="0" tests="1" name="client.reporting.ClientAutomatedReportingCapture" time="831.808" errors="0" timestamp="2022-09-27T16:23:20 IST" skipped="0">
  <testcase classname="client.reporting.ClientAutomatedReportingCapture" name="capture" time="831.808"/>
</testsuite> <!-- client.reporting.ClientAutomatedReportingCapture -->
